<?xml version="1.0" encoding="UTF-8"?>
<testng-results skipped="0" failed="1" ignored="0" total="1" passed="0">
  <reporter-output>
  </reporter-output>
  <suite name="Suite" duration-ms="6824" started-at="2018-07-28T07:33:37Z" finished-at="2018-07-28T07:33:44Z">
    <groups>
    </groups>
    <test name="Test" duration-ms="6824" started-at="2018-07-28T07:33:37Z" finished-at="2018-07-28T07:33:44Z">
      <class name="com.selenium.screenShot.TestLoginSceenShot">
        <test-method status="PASS" signature="beforeSuite()[pri:0, instance:com.selenium.screenShot.TestLoginSceenShot@69b0fd6f]" name="beforeSuite" is-config="true" duration-ms="612" started-at="2018-07-28T07:33:36Z" finished-at="2018-07-28T07:33:37Z">
          <reporter-output>
          </reporter-output>
        </test-method> <!-- beforeSuite -->
        <test-method status="PASS" signature="beforeMethod()[pri:0, instance:com.selenium.screenShot.TestLoginSceenShot@69b0fd6f]" name="beforeMethod" is-config="true" duration-ms="4787" started-at="2018-07-28T07:33:37Z" finished-at="2018-07-28T07:33:42Z">
          <reporter-output>
          </reporter-output>
        </test-method> <!-- beforeMethod -->
        <test-method status="FAIL" signature="test()[pri:0, instance:com.selenium.screenShot.TestLoginSceenShot@69b0fd6f]" name="test" duration-ms="1653" started-at="2018-07-28T07:33:42Z" finished-at="2018-07-28T07:33:43Z">
          <exception class="org.openqa.selenium.WebDriverException">
            <message>
              <![CDATA[Reached error page: about:neterror?e=connectionFailure&u=http%3A//localhost%3A5555/ecshop&c=UTF-8&f=regular&d=Firefox%20%E6%97%A0%E6%B3%95%E5%BB%BA%E7%AB%8B%E5%88%B0%20localhost%3A5555%20%E6%9C%8D%E5%8A%A1%E5%99%A8%E7%9A%84%E8%BF%9E%E6%8E%A5%E3%80%82
Build info: version: '3.11.0', revision: 'e59cfb3', time: '2018-03-11T20:26:55.152Z'
System info: host: 'aa037', ip: '172.18.1.29', os.name: 'Windows 7', os.arch: 'amd64', os.version: '6.1', java.version: '1.8.0_152'
Driver info: org.openqa.selenium.remote.RemoteWebDriver
Capabilities {acceptInsecureCerts: true, browserName: firefox, browserVersion: 61.0.1, javascriptEnabled: true, moz:accessibilityChecks: false, moz:headless: false, moz:processID: 6972, moz:profile: C:\Users\Administrator\AppD..., moz:useNonSpecCompliantPointerOrigin: false, moz:webdriverClick: true, pageLoadStrategy: normal, platform: XP, platformName: XP, platformVersion: 6.1, rotatable: false, timeouts: {implicit: 0, pageLoad: 300000, script: 30000}}
Session ID: cb8ad8a6-8a2b-4cf9-bba6-8a3c33ffd248]]>
            </message>
            <full-stacktrace>
              <![CDATA[org.openqa.selenium.WebDriverException: Reached error page: about:neterror?e=connectionFailure&u=http%3A//localhost%3A5555/ecshop&c=UTF-8&f=regular&d=Firefox%20%E6%97%A0%E6%B3%95%E5%BB%BA%E7%AB%8B%E5%88%B0%20localhost%3A5555%20%E6%9C%8D%E5%8A%A1%E5%99%A8%E7%9A%84%E8%BF%9E%E6%8E%A5%E3%80%82
Build info: version: '3.11.0', revision: 'e59cfb3', time: '2018-03-11T20:26:55.152Z'
System info: host: 'aa037', ip: '172.18.1.29', os.name: 'Windows 7', os.arch: 'amd64', os.version: '6.1', java.version: '1.8.0_152'
Driver info: org.openqa.selenium.remote.RemoteWebDriver
Capabilities {acceptInsecureCerts: true, browserName: firefox, browserVersion: 61.0.1, javascriptEnabled: true, moz:accessibilityChecks: false, moz:headless: false, moz:processID: 6972, moz:profile: C:\Users\Administrator\AppD..., moz:useNonSpecCompliantPointerOrigin: false, moz:webdriverClick: true, pageLoadStrategy: normal, platform: XP, platformName: XP, platformVersion: 6.1, rotatable: false, timeouts: {implicit: 0, pageLoad: 300000, script: 30000}}
Session ID: cb8ad8a6-8a2b-4cf9-bba6-8a3c33ffd248
at sun.reflect.NativeConstructorAccessorImpl.newInstance0(Native Method)
at sun.reflect.NativeConstructorAccessorImpl.newInstance(Unknown Source)
at sun.reflect.DelegatingConstructorAccessorImpl.newInstance(Unknown Source)
at java.lang.reflect.Constructor.newInstance(Unknown Source)
at org.openqa.selenium.remote.http.W3CHttpResponseCodec.createException(W3CHttpResponseCodec.java:187)
at org.openqa.selenium.remote.http.W3CHttpResponseCodec.decode(W3CHttpResponseCodec.java:122)
at org.openqa.selenium.remote.http.W3CHttpResponseCodec.decode(W3CHttpResponseCodec.java:49)
at org.openqa.selenium.remote.HttpCommandExecutor.execute(HttpCommandExecutor.java:158)
at org.openqa.selenium.remote.RemoteWebDriver.execute(RemoteWebDriver.java:545)
at org.openqa.selenium.remote.RemoteWebDriver.get(RemoteWebDriver.java:273)
at com.selenium.screenShot.TestLoginSceenShot.test(TestLoginSceenShot.java:19)
at sun.reflect.NativeMethodAccessorImpl.invoke0(Native Method)
at sun.reflect.NativeMethodAccessorImpl.invoke(Unknown Source)
at sun.reflect.DelegatingMethodAccessorImpl.invoke(Unknown Source)
at java.lang.reflect.Method.invoke(Unknown Source)
at org.testng.internal.MethodInvocationHelper.invokeMethod(MethodInvocationHelper.java:124)
at org.testng.internal.Invoker.invokeMethod(Invoker.java:583)
at org.testng.internal.Invoker.invokeTestMethod(Invoker.java:719)
at org.testng.internal.Invoker.invokeTestMethods(Invoker.java:989)
at org.testng.internal.TestMethodWorker.invokeTestMethods(TestMethodWorker.java:125)
at org.testng.internal.TestMethodWorker.run(TestMethodWorker.java:109)
at org.testng.TestRunner.privateRun(TestRunner.java:648)
at org.testng.TestRunner.run(TestRunner.java:505)
at org.testng.SuiteRunner.runTest(SuiteRunner.java:455)
at org.testng.SuiteRunner.runSequentially(SuiteRunner.java:450)
at org.testng.SuiteRunner.privateRun(SuiteRunner.java:415)
at org.testng.SuiteRunner.run(SuiteRunner.java:364)
at org.testng.SuiteRunnerWorker.runSuite(SuiteRunnerWorker.java:52)
at org.testng.SuiteRunnerWorker.run(SuiteRunnerWorker.java:84)
at org.testng.TestNG.runSuitesSequentially(TestNG.java:1208)
at org.testng.TestNG.runSuitesLocally(TestNG.java:1137)
at org.testng.TestNG.runSuites(TestNG.java:1049)
at org.testng.TestNG.run(TestNG.java:1017)
at org.testng.remote.AbstractRemoteTestNG.run(AbstractRemoteTestNG.java:114)
at org.testng.remote.RemoteTestNG.initAndRun(RemoteTestNG.java:251)
at org.testng.remote.RemoteTestNG.main(RemoteTestNG.java:77)
]]>
            </full-stacktrace>
          </exception> <!-- org.openqa.selenium.WebDriverException -->
          <reporter-output>
          </reporter-output>
        </test-method> <!-- test -->
        <test-method status="PASS" signature="afterMethod()[pri:0, instance:com.selenium.screenShot.TestLoginSceenShot@69b0fd6f]" name="afterMethod" is-config="true" duration-ms="291" started-at="2018-07-28T07:33:44Z" finished-at="2018-07-28T07:33:44Z">
          <reporter-output>
          </reporter-output>
        </test-method> <!-- afterMethod -->
        <test-method status="PASS" signature="afterSuite()[pri:0, instance:com.selenium.screenShot.TestLoginSceenShot@69b0fd6f]" name="afterSuite" is-config="true" duration-ms="255" started-at="2018-07-28T07:33:44Z" finished-at="2018-07-28T07:33:44Z">
          <reporter-output>
          </reporter-output>
        </test-method> <!-- afterSuite -->
      </class> <!-- com.selenium.screenShot.TestLoginSceenShot -->
    </test> <!-- Test -->
  </suite> <!-- Suite -->
</testng-results>
